Added Component: Designator=D3(D4148)
Add component (AddParameter): Name = "Code_JEDEC"; Value = "DO-214-AB"; VariantName = "[No Variations]"
Add component (AddParameter): Name = "LatestRevisionDate"; Value = "17-Jul-2002"; VariantName = "[No Variations]"
Add component (AddParameter): Name = "LatestRevisionNote"; Value = "Re-released for DXP Platform."; VariantName = "[No Variations]"
Add component (AddParameter): Name = "PackageDescription"; Value = "DO-214-AB/SMC; 2 C-Bend Leads; Body 7.9 x 5.9 mm, inc. leads (LxW)"; VariantName = "[No Variations]"
Add component (AddParameter): Name = "PackageReference"; Value = "SMC"; VariantName = "[No Variations]"
Add component (AddParameter): Name = "PackageVersion"; Value = "Sep-1996"; VariantName = "[No Variations]"
Add component (AddParameter): Name = "Published"; Value = "8-Jun-2000"; VariantName = "[No Variations]"
Add component (AddParameter): Name = "Publisher"; Value = "Altium Limited"; VariantName = "[No Variations]"
Added Component: Designator=D5(D4148)
Add component (AddParameter): Name = "Code_JEDEC"; Value = "DO-214-AB"; VariantName = "[No Variations]"
Add component (AddParameter): Name = "LatestRevisionDate"; Value = "17-Jul-2002"; VariantName = "[No Variations]"
Add component (AddParameter): Name = "LatestRevisionNote"; Value = "Re-released for DXP Platform."; VariantName = "[No Variations]"
Add component (AddParameter): Name = "PackageDescription"; Value = "DO-214-AB/SMC; 2 C-Bend Leads; Body 7.9 x 5.9 mm, inc. leads (LxW)"; VariantName = "[No Variations]"
Add component (AddParameter): Name = "PackageReference"; Value = "SMC"; VariantName = "[No Variations]"
Add component (AddParameter): Name = "PackageVersion"; Value = "Sep-1996"; VariantName = "[No Variations]"
Add component (AddParameter): Name = "Published"; Value = "8-Jun-2000"; VariantName = "[No Variations]"
Add component (AddParameter): Name = "Publisher"; Value = "Altium Limited"; VariantName = "[No Variations]"
Added Component: Designator=K1(RELAY1CON_REV)
Add component (AddParameter): Name = "LatestRevisionDate"; Value = "17-Jul-2002"; VariantName = "[No Variations]"
Add component (AddParameter): Name = "LatestRevisionNote"; Value = "Re-released for DXP Platform."; VariantName = "[No Variations]"
Add component (AddParameter): Name = "PackageReference"; Value = "MODULE5B"; VariantName = "[No Variations]"
Add component (AddParameter): Name = "Published"; Value = "8-Jun-2000"; VariantName = "[No Variations]"
Add component (AddParameter): Name = "Publisher"; Value = "Altium Limited"; VariantName = "[No Variations]"
Added Component: Designator=K2(RELAY1CON_REV)
Add component (AddParameter): Name = "LatestRevisionDate"; Value = "17-Jul-2002"; VariantName = "[No Variations]"
Add component (AddParameter): Name = "LatestRevisionNote"; Value = "Re-released for DXP Platform."; VariantName = "[No Variations]"
Add component (AddParameter): Name = "PackageReference"; Value = "MODULE5B"; VariantName = "[No Variations]"
Add component (AddParameter): Name = "Published"; Value = "8-Jun-2000"; VariantName = "[No Variations]"
Add component (AddParameter): Name = "Publisher"; Value = "Altium Limited"; VariantName = "[No Variations]"
Added Component: Designator=K3(RELAY1CON_REV)
Add component (AddParameter): Name = "LatestRevisionDate"; Value = "17-Jul-2002"; VariantName = "[No Variations]"
Add component (AddParameter): Name = "LatestRevisionNote"; Value = "Re-released for DXP Platform."; VariantName = "[No Variations]"
Add component (AddParameter): Name = "PackageReference"; Value = "MODULE5B"; VariantName = "[No Variations]"
Add component (AddParameter): Name = "Published"; Value = "8-Jun-2000"; VariantName = "[No Variations]"
Add component (AddParameter): Name = "Publisher"; Value = "Altium Limited"; VariantName = "[No Variations]"
Added Component: Designator=P1(KF142V-5.08-P2)
Add component (AddParameter): Name = "LatestRevisionDate"; Value = "17-Jul-2002"; VariantName = "[No Variations]"
Add component (AddParameter): Name = "LatestRevisionNote"; Value = "Re-released for DXP Platform."; VariantName = "[No Variations]"
Add component (AddParameter): Name = "Publisher"; Value = "Altium Limited"; VariantName = "[No Variations]"
Added Component: Designator=P2(KF142V-5.08-P2)
Add component (AddParameter): Name = "LatestRevisionDate"; Value = "17-Jul-2002"; VariantName = "[No Variations]"
Add component (AddParameter): Name = "LatestRevisionNote"; Value = "Re-released for DXP Platform."; VariantName = "[No Variations]"
Add component (AddParameter): Name = "Publisher"; Value = "Altium Limited"; VariantName = "[No Variations]"
Added Component: Designator=P3(KF142V-5.08-P2)
Add component (AddParameter): Name = "LatestRevisionDate"; Value = "17-Jul-2002"; VariantName = "[No Variations]"
Add component (AddParameter): Name = "LatestRevisionNote"; Value = "Re-released for DXP Platform."; VariantName = "[No Variations]"
Add component (AddParameter): Name = "Publisher"; Value = "Altium Limited"; VariantName = "[No Variations]"
Added Component: Designator=P4(CONNECT_2.54_(3))
Add component (AddParameter): Name = "LatestRevisionDate"; Value = "17-Jul-2002"; VariantName = "[No Variations]"
Add component (AddParameter): Name = "LatestRevisionNote"; Value = "Re-released for DXP Platform."; VariantName = "[No Variations]"
Add component (AddParameter): Name = "Publisher"; Value = "Altium Limited"; VariantName = "[No Variations]"
Added Component: Designator=P5(CONNECT_2.54_(3))
Add component (AddParameter): Name = "LatestRevisionDate"; Value = "17-Jul-2002"; VariantName = "[No Variations]"
Add component (AddParameter): Name = "LatestRevisionNote"; Value = "Re-released for DXP Platform."; VariantName = "[No Variations]"
Add component (AddParameter): Name = "Publisher"; Value = "Altium Limited"; VariantName = "[No Variations]"
Added Component: Designator=P6(KF142V-5.08-P2)
Add component (AddParameter): Name = "LatestRevisionDate"; Value = "17-Jul-2002"; VariantName = "[No Variations]"
Add component (AddParameter): Name = "LatestRevisionNote"; Value = "Re-released for DXP Platform."; VariantName = "[No Variations]"
Add component (AddParameter): Name = "Publisher"; Value = "Altium Limited"; VariantName = "[No Variations]"
Added Component: Designator=P7(KF142V-5.08-P2)
Add component (AddParameter): Name = "LatestRevisionDate"; Value = "17-Jul-2002"; VariantName = "[No Variations]"
Add component (AddParameter): Name = "LatestRevisionNote"; Value = "Re-released for DXP Platform."; VariantName = "[No Variations]"
Add component (AddParameter): Name = "Publisher"; Value = "Altium Limited"; VariantName = "[No Variations]"
Added Component: Designator=P8(CONNECT_2.54_(3))
Add component (AddParameter): Name = "LatestRevisionDate"; Value = "17-Jul-2002"; VariantName = "[No Variations]"
Add component (AddParameter): Name = "LatestRevisionNote"; Value = "Re-released for DXP Platform."; VariantName = "[No Variations]"
Add component (AddParameter): Name = "Publisher"; Value = "Altium Limited"; VariantName = "[No Variations]"
Added Component: Designator=P9(CONNECT_2.54_(3))
Add component (AddParameter): Name = "LatestRevisionDate"; Value = "17-Jul-2002"; VariantName = "[No Variations]"
Add component (AddParameter): Name = "LatestRevisionNote"; Value = "Re-released for DXP Platform."; VariantName = "[No Variations]"
Add component (AddParameter): Name = "Publisher"; Value = "Altium Limited"; VariantName = "[No Variations]"
Added Component: Designator=P10(CONNECT_2.54_(3))
Add component (AddParameter): Name = "LatestRevisionDate"; Value = "17-Jul-2002"; VariantName = "[No Variations]"
Add component (AddParameter): Name = "LatestRevisionNote"; Value = "Re-released for DXP Platform."; VariantName = "[No Variations]"
Add component (AddParameter): Name = "Publisher"; Value = "Altium Limited"; VariantName = "[No Variations]"
Added Component: Designator=P11(CONNECT_2.54_(3))
Add component (AddParameter): Name = "LatestRevisionDate"; Value = "17-Jul-2002"; VariantName = "[No Variations]"
Add component (AddParameter): Name = "LatestRevisionNote"; Value = "Re-released for DXP Platform."; VariantName = "[No Variations]"
Add component (AddParameter): Name = "Publisher"; Value = "Altium Limited"; VariantName = "[No Variations]"
Added Component: Designator=P12(CONNECT_2.54_(3))
Add component (AddParameter): Name = "LatestRevisionDate"; Value = "17-Jul-2002"; VariantName = "[No Variations]"
Add component (AddParameter): Name = "LatestRevisionNote"; Value = "Re-released for DXP Platform."; VariantName = "[No Variations]"
Add component (AddParameter): Name = "Publisher"; Value = "Altium Limited"; VariantName = "[No Variations]"
Added Component: Designator=P13(CONNECT_2.54_(3))
Add component (AddParameter): Name = "LatestRevisionDate"; Value = "17-Jul-2002"; VariantName = "[No Variations]"
Add component (AddParameter): Name = "LatestRevisionNote"; Value = "Re-released for DXP Platform."; VariantName = "[No Variations]"
Add component (AddParameter): Name = "Publisher"; Value = "Altium Limited"; VariantName = "[No Variations]"
Added Component: Designator=P14(KF142V-5.08-P2)
Add component (AddParameter): Name = "LatestRevisionDate"; Value = "17-Jul-2002"; VariantName = "[No Variations]"
Add component (AddParameter): Name = "LatestRevisionNote"; Value = "Re-released for DXP Platform."; VariantName = "[No Variations]"
Add component (AddParameter): Name = "Publisher"; Value = "Altium Limited"; VariantName = "[No Variations]"
Added Component: Designator=P15(KF142V-5.08-P2)
Add component (AddParameter): Name = "LatestRevisionDate"; Value = "17-Jul-2002"; VariantName = "[No Variations]"
Add component (AddParameter): Name = "LatestRevisionNote"; Value = "Re-released for DXP Platform."; VariantName = "[No Variations]"
Add component (AddParameter): Name = "Publisher"; Value = "Altium Limited"; VariantName = "[No Variations]"
Added Component: Designator=P16(KF142V-5.08-P2)
Add component (AddParameter): Name = "LatestRevisionDate"; Value = "17-Jul-2002"; VariantName = "[No Variations]"
Add component (AddParameter): Name = "LatestRevisionNote"; Value = "Re-released for DXP Platform."; VariantName = "[No Variations]"
Add component (AddParameter): Name = "Publisher"; Value = "Altium Limited"; VariantName = "[No Variations]"
Added Component: Designator=P17(KF142V-5.08-P2)
Add component (AddParameter): Name = "LatestRevisionDate"; Value = "17-Jul-2002"; VariantName = "[No Variations]"
Add component (AddParameter): Name = "LatestRevisionNote"; Value = "Re-released for DXP Platform."; VariantName = "[No Variations]"
Add component (AddParameter): Name = "Publisher"; Value = "Altium Limited"; VariantName = "[No Variations]"
Added Component: Designator=P18(KF142V-5.08-P2)
Add component (AddParameter): Name = "LatestRevisionDate"; Value = "17-Jul-2002"; VariantName = "[No Variations]"
Add component (AddParameter): Name = "LatestRevisionNote"; Value = "Re-released for DXP Platform."; VariantName = "[No Variations]"
Add component (AddParameter): Name = "Publisher"; Value = "Altium Limited"; VariantName = "[No Variations]"
Added Component: Designator=T1(AC-DC)
Add component (AddParameter): Name = "LatestRevisionDate"; Value = "08-Jul-2005"; VariantName = "[No Variations]"
Add component (AddParameter): Name = "LatestRevisionNote"; Value = "Mech Layer 1 removed."; VariantName = "[No Variations]"
Add component (AddParameter): Name = "PackageDescription"; Value = "Transformer; 4 Leads"; VariantName = "[No Variations]"
Add component (AddParameter): Name = "PackageReference"; Value = "TRANS"; VariantName = "[No Variations]"
Add component (AddParameter): Name = "Published"; Value = "24-Mar-1999"; VariantName = "[No Variations]"
Add component (AddParameter): Name = "Publisher"; Value = "Altium Limited"; VariantName = "[No Variations]"
Added Component: Designator=U1(DIP-4 - TOP)
Add component (AddParameter): Name = "DatasheetVersion"; Value = "Nov-2003"; VariantName = "[No Variations]"
Add component (AddParameter): Name = "LatestRevisionDate"; Value = "04-Mar-2005"; VariantName = "[No Variations]"
Add component (AddParameter): Name = "LatestRevisionNote"; Value = "Sch pins 3 & 4 Swapped."; VariantName = "[No Variations]"
Add component (AddParameter): Name = "PackageReference"; Value = "DIP-4"; VariantName = "[No Variations]"
Add component (AddParameter): Name = "Published"; Value = "24-Mar-1999"; VariantName = "[No Variations]"
Add component (AddParameter): Name = "Publisher"; Value = "Altium Limited"; VariantName = "[No Variations]"
Added Component: Designator=U2(ESP32_DEVKIT_V1)
Added Component: Designator=U3(DIP-4 - TOP)
Add component (AddParameter): Name = "DatasheetVersion"; Value = "Nov-2003"; VariantName = "[No Variations]"
Add component (AddParameter): Name = "LatestRevisionDate"; Value = "04-Mar-2005"; VariantName = "[No Variations]"
Add component (AddParameter): Name = "LatestRevisionNote"; Value = "Sch pins 3 & 4 Swapped."; VariantName = "[No Variations]"
Add component (AddParameter): Name = "PackageReference"; Value = "DIP-4"; VariantName = "[No Variations]"
Add component (AddParameter): Name = "Published"; Value = "24-Mar-1999"; VariantName = "[No Variations]"
Add component (AddParameter): Name = "Publisher"; Value = "Altium Limited"; VariantName = "[No Variations]"
Added Component: Designator=U4(DIP-4 - TOP)
Add component (AddParameter): Name = "DatasheetVersion"; Value = "Nov-2003"; VariantName = "[No Variations]"
Add component (AddParameter): Name = "LatestRevisionDate"; Value = "04-Mar-2005"; VariantName = "[No Variations]"
Add component (AddParameter): Name = "LatestRevisionNote"; Value = "Sch pins 3 & 4 Swapped."; VariantName = "[No Variations]"
Add component (AddParameter): Name = "PackageReference"; Value = "DIP-4"; VariantName = "[No Variations]"
Add component (AddParameter): Name = "Published"; Value = "24-Mar-1999"; VariantName = "[No Variations]"
Add component (AddParameter): Name = "Publisher"; Value = "Altium Limited"; VariantName = "[No Variations]"
Added Pin To Net: NetName=3V3 Pin=U2-1
Added Net: Name=3V3
Added Pin To Net: NetName=5V Pin=D3-K
Added Pin To Net: NetName=5V Pin=D5-K
Added Pin To Net: NetName=5V Pin=K1-4
Added Pin To Net: NetName=5V Pin=K2-4
Added Pin To Net: NetName=5V Pin=K3-4
Added Pin To Net: NetName=5V Pin=P6-2
Added Pin To Net: NetName=5V Pin=P6-2
Added Pin To Net: NetName=5V Pin=P7-2
Added Pin To Net: NetName=5V Pin=P7-2
Added Pin To Net: NetName=5V Pin=P8-2
Added Pin To Net: NetName=5V Pin=P9-2
Added Pin To Net: NetName=5V Pin=P10-2
Added Pin To Net: NetName=5V Pin=P11-2
Added Pin To Net: NetName=5V Pin=P12-2
Added Pin To Net: NetName=5V Pin=P13-2
Added Pin To Net: NetName=5V Pin=P14-1
Added Pin To Net: NetName=5V Pin=P14-1
Added Pin To Net: NetName=5V Pin=T1-4
Added Pin To Net: NetName=5V Pin=U1-4
Added Pin To Net: NetName=5V Pin=U2-30
Added Pin To Net: NetName=5V Pin=U3-4
Added Pin To Net: NetName=5V Pin=U4-4
Added Net: Name=5V
Added Pin To Net: NetName=alarm Pin=U2-4
Added Net: Name=alarm
Added Pin To Net: NetName=cutoff_sewing Pin=U2-5
Added Net: Name=cutoff_sewing
Added Pin To Net: NetName=DO_SPARE Pin=U2-3
Added Net: Name=DO_SPARE
Added Pin To Net: NetName=GND Pin=P6-1
Added Pin To Net: NetName=GND Pin=P6-1
Added Pin To Net: NetName=GND Pin=P7-1
Added Pin To Net: NetName=GND Pin=P7-1
Added Pin To Net: NetName=GND Pin=P8-1
Added Pin To Net: NetName=GND Pin=P9-1
Added Pin To Net: NetName=GND Pin=P10-1
Added Pin To Net: NetName=GND Pin=P11-1
Added Pin To Net: NetName=GND Pin=P12-1
Added Pin To Net: NetName=GND Pin=P13-1
Added Pin To Net: NetName=GND Pin=P16-1
Added Pin To Net: NetName=GND Pin=P16-1
Added Pin To Net: NetName=GND Pin=P16-2
Added Pin To Net: NetName=GND Pin=P16-2
Added Pin To Net: NetName=GND Pin=P17-1
Added Pin To Net: NetName=GND Pin=P17-1
Added Pin To Net: NetName=GND Pin=P17-2
Added Pin To Net: NetName=GND Pin=P17-2
Added Pin To Net: NetName=GND Pin=T1-3
Added Pin To Net: NetName=GND Pin=U2-2
Added Pin To Net: NetName=GND Pin=U2-29
Added Net: Name=GND
Added Pin To Net: NetName=IO1 Pin=P8-3
Added Pin To Net: NetName=IO1 Pin=U2-28
Added Net: Name=IO1
Added Pin To Net: NetName=IO2 Pin=P9-3
Added Pin To Net: NetName=IO2 Pin=U2-27
Added Net: Name=IO2
Added Pin To Net: NetName=IO3 Pin=P10-3
Added Pin To Net: NetName=IO3 Pin=U2-26
Added Net: Name=IO3
Added Pin To Net: NetName=IO4 Pin=P11-3
Added Pin To Net: NetName=IO4 Pin=U2-25
Added Net: Name=IO4
Added Pin To Net: NetName=IO5 Pin=P12-3
Added Pin To Net: NetName=IO5 Pin=U2-24
Added Net: Name=IO5
Added Pin To Net: NetName=IO6 Pin=P13-3
Added Pin To Net: NetName=IO6 Pin=U2-23
Added Net: Name=IO6
Added Pin To Net: NetName=L Pin=K1-1
Added Pin To Net: NetName=L Pin=P18-2
Added Pin To Net: NetName=L Pin=P18-2
Added Net: Name=L
Added Pin To Net: NetName=NetD1_A Pin=K1-5
Added Net: Name=NetD1_A
Added Pin To Net: NetName=NetD2_1 Pin=U1-2
Added Net: Name=NetD2_1
Added Pin To Net: NetName=NetD3_A Pin=D3-A
Added Pin To Net: NetName=NetD3_A Pin=K2-5
Added Net: Name=NetD3_A
Added Pin To Net: NetName=NetD4_1 Pin=U3-2
Added Net: Name=NetD4_1
Added Pin To Net: NetName=NetD5_A Pin=D5-A
Added Pin To Net: NetName=NetD5_A Pin=K3-5
Added Net: Name=NetD5_A
Added Pin To Net: NetName=NetD6_1 Pin=U4-2
Added Net: Name=NetD6_1
Added Pin To Net: NetName=NetF1_2 Pin=T1-2
Added Net: Name=NetF1_2
Added Pin To Net: NetName=NetK1_3 Pin=K1-3
Added Pin To Net: NetName=NetK1_3 Pin=P1-1
Added Pin To Net: NetName=NetK1_3 Pin=P1-1
Added Net: Name=NetK1_3
Added Pin To Net: NetName=NetK2_1 Pin=K2-1
Added Pin To Net: NetName=NetK2_1 Pin=P2-2
Added Pin To Net: NetName=NetK2_1 Pin=P2-2
Added Net: Name=NetK2_1
Added Pin To Net: NetName=NetK2_3 Pin=K2-3
Added Pin To Net: NetName=NetK2_3 Pin=P2-1
Added Pin To Net: NetName=NetK2_3 Pin=P2-1
Added Net: Name=NetK2_3
Added Pin To Net: NetName=NetK3_1 Pin=K3-1
Added Pin To Net: NetName=NetK3_1 Pin=P3-2
Added Pin To Net: NetName=NetK3_1 Pin=P3-2
Added Net: Name=NetK3_1
Added Pin To Net: NetName=NetK3_3 Pin=K3-3
Added Pin To Net: NetName=NetK3_3 Pin=P3-1
Added Pin To Net: NetName=NetK3_3 Pin=P3-1
Added Net: Name=NetK3_3
Added Pin To Net: NetName=NetP14_2 Pin=P14-2
Added Pin To Net: NetName=NetP14_2 Pin=P14-2
Added Pin To Net: NetName=NetP14_2 Pin=P15-1
Added Pin To Net: NetName=NetP14_2 Pin=P15-1
Added Pin To Net: NetName=NetP14_2 Pin=P15-2
Added Pin To Net: NetName=NetP14_2 Pin=P15-2
Added Net: Name=NetP14_2
Added Net: Name=NetQ1_2
Added Net: Name=NetQ2_2
Added Net: Name=NetQ3_2
Added Pin To Net: NetName=NetR1_1 Pin=U1-1
Added Net: Name=NetR1_1
Added Pin To Net: NetName=NetR2_2 Pin=U1-3
Added Net: Name=NetR2_2
Added Pin To Net: NetName=NetR3_1 Pin=U3-1
Added Net: Name=NetR3_1
Added Pin To Net: NetName=NetR4_2 Pin=U3-3
Added Net: Name=NetR4_2
Added Pin To Net: NetName=NetR5_1 Pin=U4-1
Added Net: Name=NetR5_1
Added Pin To Net: NetName=NetR6_2 Pin=U4-3
Added Net: Name=NetR6_2
Added Pin To Net: NetName=N Pin=P1-2
Added Pin To Net: NetName=N Pin=P1-2
Added Pin To Net: NetName=N Pin=P18-1
Added Pin To Net: NetName=N Pin=P18-1
Added Pin To Net: NetName=N Pin=T1-1
Added Net: Name=N
Added Pin To Net: NetName=RX_BAR1 Pin=P4-1
Added Pin To Net: NetName=RX_BAR1 Pin=U2-14
Added Net: Name=RX_BAR1
Added Pin To Net: NetName=RX_BAR2 Pin=P5-1
Added Pin To Net: NetName=RX_BAR2 Pin=U2-10
Added Net: Name=RX_BAR2
Added Pin To Net: NetName=trig_barcode1 Pin=P4-3
Added Pin To Net: NetName=trig_barcode1 Pin=U2-8
Added Net: Name=trig_barcode1
Added Pin To Net: NetName=trig_barcode2 Pin=P5-3
Added Pin To Net: NetName=trig_barcode2 Pin=U2-9
Added Net: Name=trig_barcode2
Added Pin To Net: NetName=TX_BAR1 Pin=P4-2
Added Pin To Net: NetName=TX_BAR1 Pin=U2-15
Added Net: Name=TX_BAR1
Added Pin To Net: NetName=TX_BAR2 Pin=P5-2
Added Pin To Net: NetName=TX_BAR2 Pin=U2-11
Added Net: Name=TX_BAR2
Added Class: Name=sch
