Removed Pin From Net: NetName=NetK1_3 Pin=P1-1
Removed Pin From Net: NetName=NetK1_3 Pin=P1-1
Removed Pin From Net: NetName=N Pin=P1-2
Removed Pin From Net: NetName=N Pin=P1-2
Removed Pin From Net: NetName=NetK2_3 Pin=P2-1
Removed Pin From Net: NetName=NetK2_3 Pin=P2-1
Removed Pin From Net: NetName=NetK2_1 Pin=P2-2
Removed Pin From Net: NetName=NetK2_1 Pin=P2-2
Removed Pin From Net: NetName=NetK3_3 Pin=P3-1
Removed Pin From Net: NetName=NetK3_3 Pin=P3-1
Removed Pin From Net: NetName=NetK3_1 Pin=P3-2
Removed Pin From Net: NetName=NetK3_1 Pin=P3-2
Removed Pin From Net: NetName=N Pin=P18-1
Removed Pin From Net: NetName=N Pin=P18-1
Removed Pin From Net: NetName=NetF1_1 Pin=P18-2
Removed Pin From Net: NetName=NetF1_1 Pin=P18-2
Removed Pin From Net: NetName=IO2 Pin=U2-27
Added Pin To Net: NetName=N Pin=P1-1
Added Pin To Net: NetName=N Pin=P1-1
Added Pin To Net: NetName=NetK1_3 Pin=P1-2
Added Pin To Net: NetName=NetK1_3 Pin=P1-2
Added Pin To Net: NetName=NetK2_1 Pin=P2-1
Added Pin To Net: NetName=NetK2_1 Pin=P2-1
Added Pin To Net: NetName=NetK2_3 Pin=P2-2
Added Pin To Net: NetName=NetK2_3 Pin=P2-2
Added Pin To Net: NetName=NetK3_1 Pin=P3-1
Added Pin To Net: NetName=NetK3_1 Pin=P3-1
Added Pin To Net: NetName=NetK3_3 Pin=P3-2
Added Pin To Net: NetName=NetK3_3 Pin=P3-2
Added Pin To Net: NetName=NetF1_1 Pin=P18-1
Added Pin To Net: NetName=NetF1_1 Pin=P18-1
Added Pin To Net: NetName=N Pin=P18-2
Added Pin To Net: NetName=N Pin=P18-2
