Added Component: Designator=P19(CONNECT_W(3))
Add component (AddParameter): Name = "LatestRevisionDate"; Value = "17-Jul-2002"; VariantName = "[No Variations]"
Add component (AddParameter): Name = "LatestRevisionNote"; Value = "Re-released for DXP Platform."; VariantName = "[No Variations]"
Add component (AddParameter): Name = "Publisher"; Value = "Altium Limited"; VariantName = "[No Variations]"
Added Component: Designator=P20(CONNECT_W(3))
Add component (AddParameter): Name = "LatestRevisionDate"; Value = "17-Jul-2002"; VariantName = "[No Variations]"
Add component (AddParameter): Name = "LatestRevisionNote"; Value = "Re-released for DXP Platform."; VariantName = "[No Variations]"
Add component (AddParameter): Name = "Publisher"; Value = "Altium Limited"; VariantName = "[No Variations]"
Added Component: Designator=P21(CONNECT_W(3))
Add component (AddParameter): Name = "LatestRevisionDate"; Value = "17-Jul-2002"; VariantName = "[No Variations]"
Add component (AddParameter): Name = "LatestRevisionNote"; Value = "Re-released for DXP Platform."; VariantName = "[No Variations]"
Add component (AddParameter): Name = "Publisher"; Value = "Altium Limited"; VariantName = "[No Variations]"
Added Pin To Net: NetName=GND Pin=P19-1
Added Pin To Net: NetName=NetJ5_2 Pin=P19-2
Added Pin To Net: NetName=GND Pin=P20-1
Added Pin To Net: NetName=NetJ5_2 Pin=P20-2
Added Pin To Net: NetName=GND Pin=P21-1
Added Pin To Net: NetName=NetJ5_2 Pin=P21-2
Added Pin To Net: NetName=IO7 Pin=P19-3
Added Pin To Net: NetName=IO7 Pin=U2-20
Added Net: Name=IO7
Added Pin To Net: NetName=IO8 Pin=P20-3
Added Pin To Net: NetName=IO8 Pin=U2-21
Added Net: Name=IO8
Added Pin To Net: NetName=IO9 Pin=P21-3
Added Pin To Net: NetName=IO9 Pin=U2-19
Added Net: Name=IO9
Added Member To Class: ClassName=sch Member=Component P16 GND
Added Member To Class: ClassName=sch Member=Component P19 DI1
Added Member To Class: ClassName=sch Member=Component P20 DI1
Added Member To Class: ClassName=sch Member=Component P21 DI1
